2018-11-06 11:06:24,134 - Log4JLogChute initialized using file 'velocity.log'
2018-11-06 11:06:24,135 - Initializing Velocity, Calling init()...
2018-11-06 11:06:24,135 - Starting Apache Velocity v1.7 (compiled: 2010-11-19 12:14:37)
2018-11-06 11:06:24,135 - Default Properties File: org\apache\velocity\runtime\defaults\velocity.properties
2018-11-06 11:06:24,135 - Trying to use logger class org.apache.velocity.runtime.log.AvalonLogChute
2018-11-06 11:06:24,135 - Target log system for org.apache.velocity.runtime.log.AvalonLogChute is not available (java.lang.NoClassDefFoundError: org/apache/log/format/Formatter).  Falling back to next log system...
2018-11-06 11:06:24,135 - Trying to use logger class org.apache.velocity.runtime.log.Log4JLogChute
2018-11-06 11:06:24,136 - Using logger class org.apache.velocity.runtime.log.Log4JLogChute
2018-11-06 11:06:24,142 - ResourceLoader instantiated: org.apache.velocity.runtime.resource.loader.ClasspathResourceLoader
2018-11-06 11:06:24,177 - ResourceCache: initialized (class org.apache.velocity.runtime.resource.ResourceCacheImpl) with class java.util.Collections$SynchronizedMap cache map.
2018-11-06 11:06:24,178 - Loaded System Directive: org.apache.velocity.runtime.directive.Stop
2018-11-06 11:06:24,180 - Loaded System Directive: org.apache.velocity.runtime.directive.Define
2018-11-06 11:06:24,180 - Loaded System Directive: org.apache.velocity.runtime.directive.Break
2018-11-06 11:06:24,181 - Loaded System Directive: org.apache.velocity.runtime.directive.Evaluate
2018-11-06 11:06:24,181 - Loaded System Directive: org.apache.velocity.runtime.directive.Literal
2018-11-06 11:06:24,183 - Loaded System Directive: org.apache.velocity.runtime.directive.Macro
2018-11-06 11:06:24,185 - Loaded System Directive: org.apache.velocity.runtime.directive.Parse
2018-11-06 11:06:24,187 - Loaded System Directive: org.apache.velocity.runtime.directive.Include
2018-11-06 11:06:24,188 - Loaded System Directive: org.apache.velocity.runtime.directive.Foreach
2018-11-06 11:06:24,228 - Created '20' parsers.
2018-11-06 11:06:24,234 - Velocimacro : "velocimacro.library" is not set.  Trying default library: VM_global_library.vm
2018-11-06 11:06:24,235 - Could not load resource 'VM_global_library.vm' from ResourceLoader org.apache.velocity.runtime.resource.loader.ClasspathResourceLoader: ClasspathResourceLoader Error: cannot find resource VM_global_library.vm
2018-11-06 11:06:24,235 - Velocimacro : Default library not found.
2018-11-06 11:06:24,235 - Velocimacro : allowInline = true : VMs can be defined inline in templates
2018-11-06 11:06:24,235 - Velocimacro : allowInlineToOverride = false : VMs defined inline may NOT replace previous VM definitions
2018-11-06 11:06:24,235 - Velocimacro : allowInlineLocal = false : VMs defined inline will be global in scope if allowed.
2018-11-06 11:06:24,235 - Velocimacro : autoload off : VM system will not automatically reload global library macros
2018-11-06 11:06:24,255 - ResourceManager : found tpl/entity.java.vm with loader org.apache.velocity.runtime.resource.loader.ClasspathResourceLoader
2018-11-06 11:06:24,296 - ResourceManager : found tpl/mapper.java.vm with loader org.apache.velocity.runtime.resource.loader.ClasspathResourceLoader
2018-11-06 11:06:24,329 - ResourceManager : found tpl/mapper.xml.vm with loader org.apache.velocity.runtime.resource.loader.ClasspathResourceLoader
2018-11-06 11:06:24,344 - ResourceManager : found tpl/service.java.vm with loader org.apache.velocity.runtime.resource.loader.ClasspathResourceLoader
2018-11-06 11:06:24,350 - ResourceManager : found /templates/serviceImpl.java.vm with loader org.apache.velocity.runtime.resource.loader.ClasspathResourceLoader
2018-11-06 11:06:24,366 - ResourceManager : found tpl/controller.java.vm with loader org.apache.velocity.runtime.resource.loader.ClasspathResourceLoader
2018-11-06 11:10:11,319 - Log4JLogChute initialized using file 'velocity.log'
2018-11-06 11:10:11,320 - Initializing Velocity, Calling init()...
2018-11-06 11:10:11,320 - Starting Apache Velocity v1.7 (compiled: 2010-11-19 12:14:37)
2018-11-06 11:10:11,320 - Default Properties File: org\apache\velocity\runtime\defaults\velocity.properties
2018-11-06 11:10:11,320 - Trying to use logger class org.apache.velocity.runtime.log.AvalonLogChute
2018-11-06 11:10:11,320 - Target log system for org.apache.velocity.runtime.log.AvalonLogChute is not available (java.lang.NoClassDefFoundError: org/apache/log/format/Formatter).  Falling back to next log system...
2018-11-06 11:10:11,320 - Trying to use logger class org.apache.velocity.runtime.log.Log4JLogChute
2018-11-06 11:10:11,320 - Using logger class org.apache.velocity.runtime.log.Log4JLogChute
2018-11-06 11:10:11,323 - ResourceLoader instantiated: org.apache.velocity.runtime.resource.loader.ClasspathResourceLoader
2018-11-06 11:10:11,332 - ResourceCache: initialized (class org.apache.velocity.runtime.resource.ResourceCacheImpl) with class java.util.Collections$SynchronizedMap cache map.
2018-11-06 11:10:11,333 - Loaded System Directive: org.apache.velocity.runtime.directive.Stop
2018-11-06 11:10:11,334 - Loaded System Directive: org.apache.velocity.runtime.directive.Define
2018-11-06 11:10:11,334 - Loaded System Directive: org.apache.velocity.runtime.directive.Break
2018-11-06 11:10:11,335 - Loaded System Directive: org.apache.velocity.runtime.directive.Evaluate
2018-11-06 11:10:11,335 - Loaded System Directive: org.apache.velocity.runtime.directive.Literal
2018-11-06 11:10:11,336 - Loaded System Directive: org.apache.velocity.runtime.directive.Macro
2018-11-06 11:10:11,337 - Loaded System Directive: org.apache.velocity.runtime.directive.Parse
2018-11-06 11:10:11,338 - Loaded System Directive: org.apache.velocity.runtime.directive.Include
2018-11-06 11:10:11,339 - Loaded System Directive: org.apache.velocity.runtime.directive.Foreach
2018-11-06 11:10:11,361 - Created '20' parsers.
2018-11-06 11:10:11,365 - Velocimacro : "velocimacro.library" is not set.  Trying default library: VM_global_library.vm
2018-11-06 11:10:11,366 - Could not load resource 'VM_global_library.vm' from ResourceLoader org.apache.velocity.runtime.resource.loader.ClasspathResourceLoader: ClasspathResourceLoader Error: cannot find resource VM_global_library.vm
2018-11-06 11:10:11,366 - Velocimacro : Default library not found.
2018-11-06 11:10:11,366 - Velocimacro : allowInline = true : VMs can be defined inline in templates
2018-11-06 11:10:11,366 - Velocimacro : allowInlineToOverride = false : VMs defined inline may NOT replace previous VM definitions
2018-11-06 11:10:11,366 - Velocimacro : allowInlineLocal = false : VMs defined inline will be global in scope if allowed.
2018-11-06 11:10:11,366 - Velocimacro : autoload off : VM system will not automatically reload global library macros
2018-11-06 11:10:11,386 - ResourceManager : found tpl/entity.java.vm with loader org.apache.velocity.runtime.resource.loader.ClasspathResourceLoader
2018-11-06 11:10:11,406 - ResourceManager : found tpl/mapper.java.vm with loader org.apache.velocity.runtime.resource.loader.ClasspathResourceLoader
2018-11-06 11:10:11,439 - ResourceManager : found tpl/mapper.xml.vm with loader org.apache.velocity.runtime.resource.loader.ClasspathResourceLoader
2018-11-06 11:10:11,441 - ResourceManager : found tpl/service.java.vm with loader org.apache.velocity.runtime.resource.loader.ClasspathResourceLoader
2018-11-06 11:10:11,444 - ResourceManager : found /templates/serviceImpl.java.vm with loader org.apache.velocity.runtime.resource.loader.ClasspathResourceLoader
2018-11-06 11:10:11,449 - ResourceManager : found tpl/controller.java.vm with loader org.apache.velocity.runtime.resource.loader.ClasspathResourceLoader
2018-11-07 15:55:55,112 - Log4JLogChute initialized using file 'velocity.log'
2018-11-07 15:55:55,120 - Initializing Velocity, Calling init()...
2018-11-07 15:55:55,120 - Starting Apache Velocity v1.7 (compiled: 2010-11-19 12:14:37)
2018-11-07 15:55:55,120 - Default Properties File: org\apache\velocity\runtime\defaults\velocity.properties
2018-11-07 15:55:55,120 - Trying to use logger class org.apache.velocity.runtime.log.AvalonLogChute
2018-11-07 15:55:55,120 - Target log system for org.apache.velocity.runtime.log.AvalonLogChute is not available (java.lang.NoClassDefFoundError: org/apache/log/format/Formatter).  Falling back to next log system...
2018-11-07 15:55:55,120 - Trying to use logger class org.apache.velocity.runtime.log.Log4JLogChute
2018-11-07 15:55:55,120 - Using logger class org.apache.velocity.runtime.log.Log4JLogChute
2018-11-07 15:55:55,125 - ResourceLoader instantiated: org.apache.velocity.runtime.resource.loader.ClasspathResourceLoader
2018-11-07 15:55:55,198 - ResourceCache: initialized (class org.apache.velocity.runtime.resource.ResourceCacheImpl) with class java.util.Collections$SynchronizedMap cache map.
2018-11-07 15:55:55,199 - Loaded System Directive: org.apache.velocity.runtime.directive.Stop
2018-11-07 15:55:55,200 - Loaded System Directive: org.apache.velocity.runtime.directive.Define
2018-11-07 15:55:55,201 - Loaded System Directive: org.apache.velocity.runtime.directive.Break
2018-11-07 15:55:55,202 - Loaded System Directive: org.apache.velocity.runtime.directive.Evaluate
2018-11-07 15:55:55,203 - Loaded System Directive: org.apache.velocity.runtime.directive.Literal
2018-11-07 15:55:55,204 - Loaded System Directive: org.apache.velocity.runtime.directive.Macro
2018-11-07 15:55:55,206 - Loaded System Directive: org.apache.velocity.runtime.directive.Parse
2018-11-07 15:55:55,207 - Loaded System Directive: org.apache.velocity.runtime.directive.Include
2018-11-07 15:55:55,207 - Loaded System Directive: org.apache.velocity.runtime.directive.Foreach
2018-11-07 15:55:55,238 - Created '20' parsers.
2018-11-07 15:55:55,244 - Velocimacro : "velocimacro.library" is not set.  Trying default library: VM_global_library.vm
2018-11-07 15:55:55,244 - Could not load resource 'VM_global_library.vm' from ResourceLoader org.apache.velocity.runtime.resource.loader.ClasspathResourceLoader: ClasspathResourceLoader Error: cannot find resource VM_global_library.vm
2018-11-07 15:55:55,244 - Velocimacro : Default library not found.
2018-11-07 15:55:55,245 - Velocimacro : allowInline = true : VMs can be defined inline in templates
2018-11-07 15:55:55,245 - Velocimacro : allowInlineToOverride = false : VMs defined inline may NOT replace previous VM definitions
2018-11-07 15:55:55,245 - Velocimacro : allowInlineLocal = false : VMs defined inline will be global in scope if allowed.
2018-11-07 15:55:55,245 - Velocimacro : autoload off : VM system will not automatically reload global library macros
2018-11-07 15:55:55,273 - ResourceManager : found tpl/entity.java.vm with loader org.apache.velocity.runtime.resource.loader.ClasspathResourceLoader
2018-11-07 15:55:55,293 - ResourceManager : found tpl/mapper.java.vm with loader org.apache.velocity.runtime.resource.loader.ClasspathResourceLoader
2018-11-07 15:55:55,305 - ResourceManager : found tpl/mapper.xml.vm with loader org.apache.velocity.runtime.resource.loader.ClasspathResourceLoader
2018-11-07 15:55:55,323 - ResourceManager : found tpl/service.java.vm with loader org.apache.velocity.runtime.resource.loader.ClasspathResourceLoader
2018-11-07 15:55:55,339 - ResourceManager : found /templates/serviceImpl.java.vm with loader org.apache.velocity.runtime.resource.loader.ClasspathResourceLoader
2018-11-07 15:55:55,357 - ResourceManager : found tpl/controller.java.vm with loader org.apache.velocity.runtime.resource.loader.ClasspathResourceLoader
2018-11-08 14:30:46,432 - Log4JLogChute initialized using file 'velocity.log'
2018-11-08 14:30:46,433 - Initializing Velocity, Calling init()...
2018-11-08 14:30:46,433 - Starting Apache Velocity v1.7 (compiled: 2010-11-19 12:14:37)
2018-11-08 14:30:46,433 - Default Properties File: org\apache\velocity\runtime\defaults\velocity.properties
2018-11-08 14:30:46,433 - Trying to use logger class org.apache.velocity.runtime.log.AvalonLogChute
2018-11-08 14:30:46,433 - Target log system for org.apache.velocity.runtime.log.AvalonLogChute is not available (java.lang.NoClassDefFoundError: org/apache/log/format/Formatter).  Falling back to next log system...
2018-11-08 14:30:46,433 - Trying to use logger class org.apache.velocity.runtime.log.Log4JLogChute
2018-11-08 14:30:46,433 - Using logger class org.apache.velocity.runtime.log.Log4JLogChute
2018-11-08 14:30:46,437 - ResourceLoader instantiated: org.apache.velocity.runtime.resource.loader.ClasspathResourceLoader
2018-11-08 14:30:46,462 - ResourceCache: initialized (class org.apache.velocity.runtime.resource.ResourceCacheImpl) with class java.util.Collections$SynchronizedMap cache map.
2018-11-08 14:30:46,463 - Loaded System Directive: org.apache.velocity.runtime.directive.Stop
2018-11-08 14:30:46,464 - Loaded System Directive: org.apache.velocity.runtime.directive.Define
2018-11-08 14:30:46,464 - Loaded System Directive: org.apache.velocity.runtime.directive.Break
2018-11-08 14:30:46,465 - Loaded System Directive: org.apache.velocity.runtime.directive.Evaluate
2018-11-08 14:30:46,465 - Loaded System Directive: org.apache.velocity.runtime.directive.Literal
2018-11-08 14:30:46,467 - Loaded System Directive: org.apache.velocity.runtime.directive.Macro
2018-11-08 14:30:46,468 - Loaded System Directive: org.apache.velocity.runtime.directive.Parse
2018-11-08 14:30:46,469 - Loaded System Directive: org.apache.velocity.runtime.directive.Include
2018-11-08 14:30:46,470 - Loaded System Directive: org.apache.velocity.runtime.directive.Foreach
2018-11-08 14:30:46,497 - Created '20' parsers.
2018-11-08 14:30:46,502 - Velocimacro : "velocimacro.library" is not set.  Trying default library: VM_global_library.vm
2018-11-08 14:30:46,503 - Could not load resource 'VM_global_library.vm' from ResourceLoader org.apache.velocity.runtime.resource.loader.ClasspathResourceLoader: ClasspathResourceLoader Error: cannot find resource VM_global_library.vm
2018-11-08 14:30:46,503 - Velocimacro : Default library not found.
2018-11-08 14:30:46,503 - Velocimacro : allowInline = true : VMs can be defined inline in templates
2018-11-08 14:30:46,503 - Velocimacro : allowInlineToOverride = false : VMs defined inline may NOT replace previous VM definitions
2018-11-08 14:30:46,503 - Velocimacro : allowInlineLocal = false : VMs defined inline will be global in scope if allowed.
2018-11-08 14:30:46,503 - Velocimacro : autoload off : VM system will not automatically reload global library macros
2018-11-08 14:30:46,523 - ResourceManager : found tpl/entity.java.vm with loader org.apache.velocity.runtime.resource.loader.ClasspathResourceLoader
2018-11-08 14:30:46,556 - ResourceManager : found tpl/mapper.java.vm with loader org.apache.velocity.runtime.resource.loader.ClasspathResourceLoader
2018-11-08 14:30:46,564 - ResourceManager : found tpl/mapper.xml.vm with loader org.apache.velocity.runtime.resource.loader.ClasspathResourceLoader
2018-11-08 14:30:46,570 - ResourceManager : found tpl/service.java.vm with loader org.apache.velocity.runtime.resource.loader.ClasspathResourceLoader
2018-11-08 14:30:46,573 - ResourceManager : found /templates/serviceImpl.java.vm with loader org.apache.velocity.runtime.resource.loader.ClasspathResourceLoader
2018-11-08 14:30:46,577 - ResourceManager : found tpl/controller.java.vm with loader org.apache.velocity.runtime.resource.loader.ClasspathResourceLoader
2018-11-08 14:33:16,181 - Log4JLogChute initialized using file 'velocity.log'
2018-11-08 14:33:16,182 - Initializing Velocity, Calling init()...
2018-11-08 14:33:16,182 - Starting Apache Velocity v1.7 (compiled: 2010-11-19 12:14:37)
2018-11-08 14:33:16,182 - Default Properties File: org\apache\velocity\runtime\defaults\velocity.properties
2018-11-08 14:33:16,182 - Trying to use logger class org.apache.velocity.runtime.log.AvalonLogChute
2018-11-08 14:33:16,182 - Target log system for org.apache.velocity.runtime.log.AvalonLogChute is not available (java.lang.NoClassDefFoundError: org/apache/log/format/Formatter).  Falling back to next log system...
2018-11-08 14:33:16,182 - Trying to use logger class org.apache.velocity.runtime.log.Log4JLogChute
2018-11-08 14:33:16,182 - Using logger class org.apache.velocity.runtime.log.Log4JLogChute
2018-11-08 14:33:16,185 - ResourceLoader instantiated: org.apache.velocity.runtime.resource.loader.ClasspathResourceLoader
2018-11-08 14:33:16,194 - ResourceCache: initialized (class org.apache.velocity.runtime.resource.ResourceCacheImpl) with class java.util.Collections$SynchronizedMap cache map.
2018-11-08 14:33:16,195 - Loaded System Directive: org.apache.velocity.runtime.directive.Stop
2018-11-08 14:33:16,195 - Loaded System Directive: org.apache.velocity.runtime.directive.Define
2018-11-08 14:33:16,196 - Loaded System Directive: org.apache.velocity.runtime.directive.Break
2018-11-08 14:33:16,196 - Loaded System Directive: org.apache.velocity.runtime.directive.Evaluate
2018-11-08 14:33:16,197 - Loaded System Directive: org.apache.velocity.runtime.directive.Literal
2018-11-08 14:33:16,197 - Loaded System Directive: org.apache.velocity.runtime.directive.Macro
2018-11-08 14:33:16,198 - Loaded System Directive: org.apache.velocity.runtime.directive.Parse
2018-11-08 14:33:16,199 - Loaded System Directive: org.apache.velocity.runtime.directive.Include
2018-11-08 14:33:16,200 - Loaded System Directive: org.apache.velocity.runtime.directive.Foreach
2018-11-08 14:33:16,223 - Created '20' parsers.
2018-11-08 14:33:16,226 - Velocimacro : "velocimacro.library" is not set.  Trying default library: VM_global_library.vm
2018-11-08 14:33:16,227 - Could not load resource 'VM_global_library.vm' from ResourceLoader org.apache.velocity.runtime.resource.loader.ClasspathResourceLoader: ClasspathResourceLoader Error: cannot find resource VM_global_library.vm
2018-11-08 14:33:16,227 - Velocimacro : Default library not found.
2018-11-08 14:33:16,227 - Velocimacro : allowInline = true : VMs can be defined inline in templates
2018-11-08 14:33:16,227 - Velocimacro : allowInlineToOverride = false : VMs defined inline may NOT replace previous VM definitions
2018-11-08 14:33:16,227 - Velocimacro : allowInlineLocal = false : VMs defined inline will be global in scope if allowed.
2018-11-08 14:33:16,227 - Velocimacro : autoload off : VM system will not automatically reload global library macros
2018-11-08 14:33:16,247 - ResourceManager : found tpl/entity.java.vm with loader org.apache.velocity.runtime.resource.loader.ClasspathResourceLoader
2018-11-08 14:33:16,262 - ResourceManager : found tpl/mapper.java.vm with loader org.apache.velocity.runtime.resource.loader.ClasspathResourceLoader
2018-11-08 14:33:16,267 - ResourceManager : found tpl/mapper.xml.vm with loader org.apache.velocity.runtime.resource.loader.ClasspathResourceLoader
2018-11-08 14:33:16,270 - ResourceManager : found tpl/service.java.vm with loader org.apache.velocity.runtime.resource.loader.ClasspathResourceLoader
2018-11-08 14:33:16,272 - ResourceManager : found /templates/serviceImpl.java.vm with loader org.apache.velocity.runtime.resource.loader.ClasspathResourceLoader
2018-11-08 14:33:16,315 - ResourceManager : found tpl/controller.java.vm with loader org.apache.velocity.runtime.resource.loader.ClasspathResourceLoader
